0 info it worked if it ends with ok
1 verbose cli [ 'C:\\Program Files (x86)\\nodejs\\node.exe',
1 verbose cli   'C:\\Program Files (x86)\\nodejs\\node_modules\\npm\\bin\\npm-cli.js',
1 verbose cli   'install',
1 verbose cli   'angular-resource' ]
2 info using npm@2.15.0
3 info using node@v4.4.2
4 verbose install initial load of C:\Users\pavli\Desktop\GitHub\Issue-Tracking-System\Issue Tracking System\package.json
5 verbose installManyTop reading scoped package data from C:\Users\pavli\Desktop\GitHub\Issue-Tracking-System\Issue Tracking System\node_modules\ng-resource\package.json
6 verbose installManyTop reading scoped package data from C:\Users\pavli\Desktop\GitHub\Issue-Tracking-System\Issue Tracking System\node_modules\ng-storage\package.json
7 verbose readDependencies loading dependencies from C:\Users\pavli\Desktop\GitHub\Issue-Tracking-System\Issue Tracking System\package.json
8 silly cache add args [ 'angular-resource', null ]
9 verbose cache add spec angular-resource
10 silly cache add parsed spec Result {
10 silly cache add   raw: 'angular-resource',
10 silly cache add   scope: null,
10 silly cache add   name: 'angular-resource',
10 silly cache add   rawSpec: '',
10 silly cache add   spec: 'latest',
10 silly cache add   type: 'tag' }
11 silly addNamed angular-resource@latest
12 verbose addNamed "latest" is being treated as a dist-tag for angular-resource
13 info addNameTag [ 'angular-resource', 'latest' ]
14 silly mapToRegistry name angular-resource
15 silly mapToRegistry using default registry
16 silly mapToRegistry registry https://registry.npmjs.org/
17 silly mapToRegistry data Result {
17 silly mapToRegistry   raw: 'angular-resource',
17 silly mapToRegistry   scope: null,
17 silly mapToRegistry   name: 'angular-resource',
17 silly mapToRegistry   rawSpec: '',
17 silly mapToRegistry   spec: 'latest',
17 silly mapToRegistry   type: 'tag' }
18 silly mapToRegistry uri https://registry.npmjs.org/angular-resource
19 verbose addNameTag registry:https://registry.npmjs.org/angular-resource not in flight; fetching
20 verbose request uri https://registry.npmjs.org/angular-resource
21 verbose request no auth needed
22 info attempt registry request try #1 at 5:12:23 PM
23 verbose request id 5190aaaf14bef07e
24 http request GET https://registry.npmjs.org/angular-resource
25 http 200 https://registry.npmjs.org/angular-resource
26 verbose headers { server: 'CouchDB/1.5.0 (Erlang OTP/R16B03)',
26 verbose headers   etag: '"282ZH5VYK0NGSN4WBGJXA7POP"',
26 verbose headers   'content-type': 'application/json',
26 verbose headers   'content-encoding': 'gzip',
26 verbose headers   'cache-control': 'max-age=300',
26 verbose headers   'content-length': '9492',
26 verbose headers   'accept-ranges': 'bytes',
26 verbose headers   date: 'Wed, 13 Apr 2016 14:12:26 GMT',
26 verbose headers   via: '1.1 varnish',
26 verbose headers   age: '31',
26 verbose headers   connection: 'keep-alive',
26 verbose headers   'x-served-by': 'cache-fra1223-FRA',
26 verbose headers   'x-cache': 'HIT',
26 verbose headers   'x-cache-hits': '1',
26 verbose headers   'x-timer': 'S1460556746.161763,VS0,VE0',
26 verbose headers   vary: 'Accept-Encoding' }
27 silly get cb [ 200,
27 silly get   { server: 'CouchDB/1.5.0 (Erlang OTP/R16B03)',
27 silly get     etag: '"282ZH5VYK0NGSN4WBGJXA7POP"',
27 silly get     'content-type': 'application/json',
27 silly get     'content-encoding': 'gzip',
27 silly get     'cache-control': 'max-age=300',
27 silly get     'content-length': '9492',
27 silly get     'accept-ranges': 'bytes',
27 silly get     date: 'Wed, 13 Apr 2016 14:12:26 GMT',
27 silly get     via: '1.1 varnish',
27 silly get     age: '31',
27 silly get     connection: 'keep-alive',
27 silly get     'x-served-by': 'cache-fra1223-FRA',
27 silly get     'x-cache': 'HIT',
27 silly get     'x-cache-hits': '1',
27 silly get     'x-timer': 'S1460556746.161763,VS0,VE0',
27 silly get     vary: 'Accept-Encoding' } ]
28 verbose get saving angular-resource to C:\Users\pavli\AppData\Roaming\npm-cache\registry.npmjs.org\angular-resource\.cache.json
29 verbose correctMkdir C:\Users\pavli\AppData\Roaming\npm-cache correctMkdir not in flight; initializing
30 silly addNameTag next cb for angular-resource with tag latest
31 silly addNamed angular-resource@1.5.3
32 verbose addNamed "1.5.3" is a plain semver version for angular-resource
33 silly mapToRegistry name angular-resource
34 silly mapToRegistry using default registry
35 silly mapToRegistry registry https://registry.npmjs.org/
36 silly mapToRegistry data Result {
36 silly mapToRegistry   raw: 'angular-resource',
36 silly mapToRegistry   scope: null,
36 silly mapToRegistry   name: 'angular-resource',
36 silly mapToRegistry   rawSpec: '',
36 silly mapToRegistry   spec: 'latest',
36 silly mapToRegistry   type: 'tag' }
37 silly mapToRegistry uri https://registry.npmjs.org/angular-resource
38 verbose addRemoteTarball https://registry.npmjs.org/angular-resource/-/angular-resource-1.5.3.tgz not in flight; adding
39 verbose addRemoteTarball [ 'https://registry.npmjs.org/angular-resource/-/angular-resource-1.5.3.tgz',
39 verbose addRemoteTarball   'f659e61781027d6118a475d74b31f61af66d8112' ]
40 info retry fetch attempt 1 at 5:12:23 PM
41 info attempt registry request try #1 at 5:12:23 PM
42 http fetch GET https://registry.npmjs.org/angular-resource/-/angular-resource-1.5.3.tgz
43 http fetch 200 https://registry.npmjs.org/angular-resource/-/angular-resource-1.5.3.tgz
44 silly fetchAndShaCheck shasum f659e61781027d6118a475d74b31f61af66d8112
45 verbose addTmpTarball C:\Users\pavli\AppData\Local\Temp\npm-1596-455292ec\registry.npmjs.org\angular-resource\-\angular-resource-1.5.3.tgz not in flight; adding
46 verbose addTmpTarball already have metadata; skipping unpack for angular-resource@1.5.3
47 verbose correctMkdir C:\Users\pavli\AppData\Roaming\npm-cache correctMkdir not in flight; initializing
48 silly cache afterAdd angular-resource@1.5.3
49 verbose afterAdd C:\Users\pavli\AppData\Roaming\npm-cache\angular-resource\1.5.3\package\package.json not in flight; writing
50 verbose correctMkdir C:\Users\pavli\AppData\Roaming\npm-cache correctMkdir not in flight; initializing
51 verbose afterAdd C:\Users\pavli\AppData\Roaming\npm-cache\angular-resource\1.5.3\package\package.json written
52 silly install resolved [ { name: 'angular-resource',
52 silly install resolved     version: '1.5.3',
52 silly install resolved     description: 'AngularJS module for interacting with RESTful server-side data sources',
52 silly install resolved     main: 'index.js',
52 silly install resolved     scripts: { test: 'echo "Error: no test specified" && exit 1' },
52 silly install resolved     repository:
52 silly install resolved      { type: 'git',
52 silly install resolved        url: 'git+https://github.com/angular/angular.js.git' },
52 silly install resolved     keywords: [ 'angular', 'framework', 'browser', 'rest', 'client-side' ],
52 silly install resolved     author:
52 silly install resolved      { name: 'Angular Core Team',
52 silly install resolved        email: 'angular-core+npm@google.com' },
52 silly install resolved     license: 'MIT',
52 silly install resolved     bugs: { url: 'https://github.com/angular/angular.js/issues' },
52 silly install resolved     homepage: 'http://angularjs.org',
52 silly install resolved     gitHead: 'ff15d37361987c8a05ab78a18ee32fb0b7feb8dc',
52 silly install resolved     _id: 'angular-resource@1.5.3',
52 silly install resolved     _shasum: 'f659e61781027d6118a475d74b31f61af66d8112',
52 silly install resolved     _from: 'angular-resource@latest',
52 silly install resolved     _npmVersion: '2.14.20',
52 silly install resolved     _nodeVersion: '4.4.1',
52 silly install resolved     _npmUser: { name: 'angularcore', email: 'angular-core+npm@google.com' },
52 silly install resolved     maintainers: [ [Object], [Object], [Object] ],
52 silly install resolved     dist:
52 silly install resolved      { shasum: 'f659e61781027d6118a475d74b31f61af66d8112',
52 silly install resolved        tarball: 'https://registry.npmjs.org/angular-resource/-/angular-resource-1.5.3.tgz' },
52 silly install resolved     _npmOperationalInternal:
52 silly install resolved      { host: 'packages-16-east.internal.npmjs.com',
52 silly install resolved        tmp: 'tmp/angular-resource-1.5.3.tgz_1458938235469_0.21657205279916525' },
52 silly install resolved     directories: {},
52 silly install resolved     _resolved: 'https://registry.npmjs.org/angular-resource/-/angular-resource-1.5.3.tgz' } ]
53 info install angular-resource@1.5.3 into C:\Users\pavli\Desktop\GitHub\Issue-Tracking-System\Issue Tracking System
54 info installOne angular-resource@1.5.3
55 verbose installOne of angular-resource to C:\Users\pavli\Desktop\GitHub\Issue-Tracking-System\Issue Tracking System not in flight; installing
56 verbose correctMkdir C:\Users\pavli\AppData\Roaming\npm-cache\_locks correctMkdir not in flight; initializing
57 verbose lock using C:\Users\pavli\AppData\Roaming\npm-cache\_locks\angular-resource-8e9155b5c76e56cf.lock for C:\Users\pavli\Desktop\GitHub\Issue-Tracking-System\Issue Tracking System\node_modules\angular-resource
58 silly install write writing angular-resource 1.5.3 to C:\Users\pavli\Desktop\GitHub\Issue-Tracking-System\Issue Tracking System\node_modules\angular-resource
59 verbose unbuild node_modules\angular-resource
60 silly gentlyRm C:\Users\pavli\Desktop\GitHub\Issue-Tracking-System\Issue Tracking System\node_modules\angular-resource is being purged from base C:\Users\pavli\Desktop\GitHub\Issue-Tracking-System\Issue Tracking System
61 verbose gentlyRm don't care about contents; nuking C:\Users\pavli\Desktop\GitHub\Issue-Tracking-System\Issue Tracking System\node_modules\angular-resource
62 verbose tar unpack C:\Users\pavli\AppData\Roaming\npm-cache\angular-resource\1.5.3\package.tgz
63 verbose tar unpacking to C:\Users\pavli\Desktop\GitHub\Issue-Tracking-System\Issue Tracking System\node_modules\angular-resource
64 silly gentlyRm C:\Users\pavli\Desktop\GitHub\Issue-Tracking-System\Issue Tracking System\node_modules\angular-resource is being purged
65 verbose gentlyRm don't care about contents; nuking C:\Users\pavli\Desktop\GitHub\Issue-Tracking-System\Issue Tracking System\node_modules\angular-resource
66 silly gunzTarPerm modes [ '777', '666' ]
67 silly gunzTarPerm extractEntry package.json
68 silly gunzTarPerm modified mode [ 'package.json', 420, 438 ]
69 silly gunzTarPerm extractEntry README.md
70 silly gunzTarPerm modified mode [ 'README.md', 420, 438 ]
71 silly gunzTarPerm extractEntry angular-resource.js
72 silly gunzTarPerm modified mode [ 'angular-resource.js', 420, 438 ]
73 silly gunzTarPerm extractEntry angular-resource.min.js
74 silly gunzTarPerm modified mode [ 'angular-resource.min.js', 420, 438 ]
75 silly gunzTarPerm extractEntry index.js
76 silly gunzTarPerm modified mode [ 'index.js', 420, 438 ]
77 silly gunzTarPerm extractEntry angular-resource.min.js.map
78 silly gunzTarPerm modified mode [ 'angular-resource.min.js.map', 420, 438 ]
79 silly gunzTarPerm extractEntry bower.json
80 silly gunzTarPerm modified mode [ 'bower.json', 420, 438 ]
81 verbose write writing to C:\Users\pavli\Desktop\GitHub\Issue-Tracking-System\Issue Tracking System\node_modules\angular-resource\package.json
82 info preinstall angular-resource@1.5.3
83 verbose readDependencies loading dependencies from C:\Users\pavli\Desktop\GitHub\Issue-Tracking-System\Issue Tracking System\node_modules\angular-resource\package.json
84 verbose readDependencies loading dependencies from C:\Users\pavli\Desktop\GitHub\Issue-Tracking-System\Issue Tracking System\node_modules\angular-resource\package.json
85 silly install resolved []
86 verbose about to build C:\Users\pavli\Desktop\GitHub\Issue-Tracking-System\Issue Tracking System\node_modules\angular-resource
87 info build C:\Users\pavli\Desktop\GitHub\Issue-Tracking-System\Issue Tracking System\node_modules\angular-resource
88 info linkStuff angular-resource@1.5.3
89 silly linkStuff angular-resource@1.5.3 has C:\Users\pavli\Desktop\GitHub\Issue-Tracking-System\Issue Tracking System\node_modules as its parent node_modules
90 verbose linkBins angular-resource@1.5.3
91 verbose linkMans angular-resource@1.5.3
92 verbose rebuildBundles angular-resource@1.5.3
93 info install angular-resource@1.5.3
94 info postinstall angular-resource@1.5.3
95 verbose unlock done using C:\Users\pavli\AppData\Roaming\npm-cache\_locks\angular-resource-8e9155b5c76e56cf.lock for C:\Users\pavli\Desktop\GitHub\Issue-Tracking-System\Issue Tracking System\node_modules\angular-resource
96 verbose validateInstall loading C:\Users\pavli\Desktop\GitHub\Issue-Tracking-System\Issue Tracking System\package.json for validation
97 verbose stack Error: The package karma@0.10.10 does not satisfy its siblings' peerDependencies requirements!
97 verbose stack     at C:\Program Files (x86)\nodejs\node_modules\npm\lib\install.js:125:32
97 verbose stack     at C:\Program Files (x86)\nodejs\node_modules\npm\lib\install.js:268:7
97 verbose stack     at C:\Program Files (x86)\nodejs\node_modules\npm\node_modules\read-installed\read-installed.js:142:5
97 verbose stack     at C:\Program Files (x86)\nodejs\node_modules\npm\node_modules\read-installed\read-installed.js:263:14
97 verbose stack     at cb (C:\Program Files (x86)\nodejs\node_modules\npm\node_modules\slide\lib\async-map.js:47:24)
97 verbose stack     at C:\Program Files (x86)\nodejs\node_modules\npm\node_modules\read-installed\read-installed.js:263:14
97 verbose stack     at cb (C:\Program Files (x86)\nodejs\node_modules\npm\node_modules\slide\lib\async-map.js:47:24)
97 verbose stack     at C:\Program Files (x86)\nodejs\node_modules\npm\node_modules\read-installed\read-installed.js:263:14
97 verbose stack     at cb (C:\Program Files (x86)\nodejs\node_modules\npm\node_modules\slide\lib\async-map.js:47:24)
97 verbose stack     at C:\Program Files (x86)\nodejs\node_modules\npm\node_modules\read-installed\read-installed.js:263:14
98 verbose cwd C:\Users\pavli\Desktop\GitHub\Issue-Tracking-System\Issue Tracking System
99 error Windows_NT 10.0.10586
100 error argv "C:\\Program Files (x86)\\nodejs\\node.exe" "C:\\Program Files (x86)\\nodejs\\node_modules\\npm\\bin\\npm-cli.js" "install" "angular-resource"
101 error node v4.4.2
102 error npm  v2.15.0
103 error code EPEERINVALID
104 error peerinvalid The package karma@0.10.10 does not satisfy its siblings' peerDependencies requirements!
104 error peerinvalid Peer grunt-karma@0.7.3 wants karma@~0.12.0
104 error peerinvalid Peer karma-html2js-preprocessor@0.1.0 wants karma@>=0.9
104 error peerinvalid Peer karma-coffee-preprocessor@0.1.3 wants karma@>=0.9
104 error peerinvalid Peer karma-mocha@0.1.10 wants karma@>=0.12.8
104 error peerinvalid Peer karma-script-launcher@0.1.0 wants karma@>=0.9
104 error peerinvalid Peer karma-phantomjs-launcher@0.1.4 wants karma@>=0.9
104 error peerinvalid Peer karma-jasmine@0.1.6 wants karma@>=0.9
104 error peerinvalid Peer karma-requirejs@0.2.6 wants karma@>=0.9
105 verbose exit [ 1, true ]
